# JRE version: Java(TM) SE Runtime Environment (8.0_65-b17) (build 1.8.0_65-b17)
# Java VM: Java HotSpot(TM) 64-Bit Server VM (25.65-b01 mixed mode windows-amd64 compressed oops)
Heap:
 PSYoungGen      total 219136K, used 28142K [0x00000000eab00000, 0x00000000f9080000, 0x0000000100000000)
  eden space 203264K, 13% used [0x00000000eab00000,0x00000000ec67bb98,0x00000000f7180000)
  from space 15872K, 0% used [0x00000000f7180000,0x00000000f7180000,0x00000000f8100000)
  to   space 15872K, 0% used [0x00000000f8100000,0x00000000f8100000,0x00000000f9080000)
 ParOldGen       total 91648K, used 33401K [0x00000000c0000000, 0x00000000c5980000, 0x00000000eab00000)
  object space 91648K, 36% used [0x00000000c0000000,0x00000000c209e600,0x00000000c5980000)
 Metaspace       used 65298K, capacity 72992K, committed 77696K, reserved 1118208K
  class space    used 8085K, capacity 8337K, committed 9600K, reserved 1048576K
GC Heap History (10 events):
Event: 25984.096 GC heap before
{Heap before GC invocations=153 (full 58):
 PSYoungGen      total 219648K, used 2560K [0x00000000eab00000, 0x00000000f9180000, 0x0000000100000000)
  eden space 203264K, 0% used [0x00000000eab00000,0x00000000eab00000,0x00000000f7180000)
  from space 16384K, 15% used [0x00000000f7180000,0x00000000f7400040,0x00000000f8180000)
  to   space 16384K, 0% used [0x00000000f8180000,0x00000000f8180000,0x00000000f9180000)
 ParOldGen       total 91648K, used 54067K [0x00000000c0000000, 0x00000000c5980000, 0x00000000eab00000)
  object space 91648K, 58% used [0x00000000c0000000,0x00000000c34cced0,0x00000000c5980000)
 Metaspace       used 67303K, capacity 76488K, committed 77696K, reserved 1118208K
  class space    used 8566K, capacity 9225K, committed 9600K, reserved 1048576K
Event: 25984.782 GC heap after
Heap after GC invocations=153 (full 58):
 PSYoungGen      total 219648K, used 0K [0x00000000eab00000, 0x00000000f9180000, 0x0000000100000000)
  eden space 203264K, 0% used [0x00000000eab00000,0x00000000eab00000,0x00000000f7180000)
  from space 16384K, 0% used [0x00000000f7180000,0x00000000f7180000,0x00000000f8180000)
  to   space 16384K, 0% used [0x00000000f8180000,0x00000000f8180000,0x00000000f9180000)
 ParOldGen       total 91648K, used 47939K [0x00000000c0000000, 0x00000000c5980000, 0x00000000eab00000)
  object space 91648K, 52% used [0x00000000c0000000,0x00000000c2ed0ed0,0x00000000c5980000)
 Metaspace       used 66081K, capacity 74668K, committed 77696K, reserved 1118208K
  class space    used 8326K, capacity 8821K, committed 9600K, reserved 1048576K
}
Event: 26457.372 GC heap before
{Heap before GC invocations=154 (full 58):
 PSYoungGen      total 219648K, used 183028K [0x00000000eab00000, 0x00000000f9180000, 0x0000000100000000)
  eden space 203264K, 90% used [0x00000000eab00000,0x00000000f5dbd1b8,0x00000000f7180000)
  from space 16384K, 0% used [0x00000000f7180000,0x00000000f7180000,0x00000000f8180000)
  to   space 16384K, 0% used [0x00000000f8180000,0x00000000f8180000,0x00000000f9180000)
 ParOldGen       total 91648K, used 47939K [0x00000000c0000000, 0x00000000c5980000, 0x00000000eab00000)
  object space 91648K, 52% used [0x00000000c0000000,0x00000000c2ed0ed0,0x00000000c5980000)
 Metaspace       used 66517K, capacity 75570K, committed 77696K, reserved 1118208K
  class space    used 8400K, capacity 8944K, committed 9600K, reserved 1048576K
Event: 26457.383 GC heap after
Heap after GC invocations=154 (full 58):
 PSYoungGen      total 218624K, used 2319K [0x00000000eab00000, 0x00000000f9080000, 0x0000000100000000)
  eden space 203264K, 0% used [0x00000000eab00000,0x00000000eab00000,0x00000000f7180000)
  from space 15360K, 15% used [0x00000000f8180000,0x00000000f83c3c80,0x00000000f9080000)
  to   space 15872K, 0% used [0x00000000f7180000,0x00000000f7180000,0x00000000f8100000)
 ParOldGen       total 91648K, used 47947K [0x00000000c0000000, 0x00000000c5980000, 0x00000000eab00000)
  object space 91648K, 52% used [0x00000000c0000000,0x00000000c2ed2ed0,0x00000000c5980000)
 Metaspace       used 66517K, capacity 75570K, committed 77696K, reserved 1118208K
  class space    used 8400K, capacity 8944K, committed 9600K, reserved 1048576K
}
Event: 26457.383 GC heap before
{Heap before GC invocations=155 (full 59):
 PSYoungGen      total 218624K, used 2319K [0x00000000eab00000, 0x00000000f9080000, 0x0000000100000000)
  eden space 203264K, 0% used [0x00000000eab00000,0x00000000eab00000,0x00000000f7180000)
  from space 15360K, 15% used [0x00000000f8180000,0x00000000f83c3c80,0x00000000f9080000)
  to   space 15872K, 0% used [0x00000000f7180000,0x00000000f7180000,0x00000000f8100000)
 ParOldGen       total 91648K, used 47947K [0x00000000c0000000, 0x00000000c5980000, 0x00000000eab00000)
  object space 91648K, 52% used [0x00000000c0000000,0x00000000c2ed2ed0,0x00000000c5980000)
 Metaspace       used 66517K, capacity 75570K, committed 77696K, reserved 1118208K
  class space    used 8400K, capacity 8944K, committed 9600K, reserved 1048576K
Event: 26458.239 GC heap after
Heap after GC invocations=155 (full 59):
 PSYoungGen      total 218624K, used 0K [0x00000000eab00000, 0x00000000f9080000, 0x0000000100000000)
  eden space 203264K, 0% used [0x00000000eab00000,0x00000000eab00000,0x00000000f7180000)
  from space 15360K, 0% used [0x00000000f8180000,0x00000000f8180000,0x00000000f9080000)
  to   space 15872K, 0% used [0x00000000f7180000,0x00000000f7180000,0x00000000f8100000)
 ParOldGen       total 91648K, used 48765K [0x00000000c0000000, 0x00000000c5980000, 0x00000000eab00000)
  object space 91648K, 53% used [0x00000000c0000000,0x00000000c2f9f628,0x00000000c5980000)
 Metaspace       used 66498K, capacity 75548K, committed 77696K, reserved 1118208K
  class space    used 8394K, capacity 8938K, committed 9600K, reserved 1048576K
}
Event: 29096.932 GC heap before
{Heap before GC invocations=156 (full 59):
 PSYoungGen      total 218624K, used 152821K [0x00000000eab00000, 0x00000000f9080000, 0x0000000100000000)
  eden space 203264K, 75% used [0x00000000eab00000,0x00000000f403d5f8,0x00000000f7180000)
  from space 15360K, 0% used [0x00000000f8180000,0x00000000f8180000,0x00000000f9080000)
  to   space 15872K, 0% used [0x00000000f7180000,0x00000000f7180000,0x00000000f8100000)
 ParOldGen       total 91648K, used 48765K [0x00000000c0000000, 0x00000000c5980000, 0x00000000eab00000)
  object space 91648K, 53% used [0x00000000c0000000,0x00000000c2f9f628,0x00000000c5980000)
 Metaspace       used 66588K, capacity 75786K, committed 77696K, reserved 1118208K
  class space    used 8412K, capacity 8961K, committed 9600K, reserved 1048576K
Event: 29096.941 GC heap after
Heap after GC invocations=156 (full 59):
 PSYoungGen      total 219136K, used 1511K [0x00000000eab00000, 0x00000000f9080000, 0x0000000100000000)
  eden space 203264K, 0% used [0x00000000eab00000,0x00000000eab00000,0x00000000f7180000)
  from space 15872K, 9% used [0x00000000f7180000,0x00000000f72f9e30,0x00000000f8100000)
  to   space 15872K, 0% used [0x00000000f8100000,0x00000000f8100000,0x00000000f9080000)
 ParOldGen       total 91648K, used 48773K [0x00000000c0000000, 0x00000000c5980000, 0x00000000eab00000)
  object space 91648K, 53% used [0x00000000c0000000,0x00000000c2fa1628,0x00000000c5980000)
 Metaspace       used 66588K, capacity 75786K, committed 77696K, reserved 1118208K
  class space    used 8412K, capacity 8961K, committed 9600K, reserved 1048576K
}
Event: 29096.941 GC heap before
{Heap before GC invocations=157 (full 60):
 PSYoungGen      total 219136K, used 1511K [0x00000000eab00000, 0x00000000f9080000, 0x0000000100000000)
  eden space 203264K, 0% used [0x00000000eab00000,0x00000000eab00000,0x00000000f7180000)
  from space 15872K, 9% used [0x00000000f7180000,0x00000000f72f9e30,0x00000000f8100000)
  to   space 15872K, 0% used [0x00000000f8100000,0x00000000f8100000,0x00000000f9080000)
 ParOldGen       total 91648K, used 48773K [0x00000000c0000000, 0x00000000c5980000, 0x00000000eab00000)
  object space 91648K, 53% used [0x00000000c0000000,0x00000000c2fa1628,0x00000000c5980000)
 Metaspace       used 66588K, capacity 75786K, committed 77696K, reserved 1118208K
  class space    used 8412K, capacity 8961K, committed 9600K, reserved 1048576K
Event: 29097.324 GC heap after
Heap after GC invocations=157 (full 60):
 PSYoungGen      total 219136K, used 0K [0x00000000eab00000, 0x00000000f9080000, 0x0000000100000000)
  eden space 203264K, 0% used [0x00000000eab00000,0x00000000eab00000,0x00000000f7180000)
  from space 15872K, 0% used [0x00000000f7180000,0x00000000f7180000,0x00000000f8100000)
  to   space 15872K, 0% used [0x00000000f8100000,0x00000000f8100000,0x00000000f9080000)
 ParOldGen       total 91648K, used 33401K [0x00000000c0000000, 0x00000000c5980000, 0x00000000eab00000)
  object space 91648K, 36% used [0x00000000c0000000,0x00000000c209e600,0x00000000c5980000)
 Metaspace       used 65100K, capacity 72718K, committed 77696K, reserved 1118208K
  class space    used 8053K, capacity 8287K, committed 9600K, reserved 1048576K
}

